<?xml version="1.0" encoding="UTF-8"?>
<!-- Generated by org.testng.reporters.JUnitReportReporter -->
<testsuite hostname="Sani" failures="0" tests="1" name="JenkinsDemo.JenkinsPratice" time="0.017" errors="0" timestamp="2024-10-18T15:07:36 IST" skipped="0">
  <testcase classname="JenkinsDemo.JenkinsPratice" name="m1" time="0.017"/>
  <system-out/>
</testsuite> <!-- JenkinsDemo.JenkinsPratice -->
