<?xml version="1.0" encoding="UTF-8"?>
<!-- Generated by org.testng.reporters.JUnitReportReporter -->
<testsuite hostname="Sani" failures="0" tests="1" name="JenkinsDemo.JenkinsTest" time="0.018" errors="0" timestamp="2024-10-18T15:07:07 IST" skipped="0">
  <testcase classname="JenkinsDemo.JenkinsTest" name="jen" time="0.018"/>
  <system-out/>
</testsuite> <!-- JenkinsDemo.JenkinsTest -->
